<?xml version="1.0" encoding="UTF-8"?>
<!-- Generated by org.testng.reporters.JUnitXMLReporter -->
<testsuite hostname="DESKTOP-MRGJIDD" ignored="0" name="Test" tests="12" failures="9" timestamp="07 May 2019 19:01:10 GMT" time="0.104" errors="0">
  <testcase name="testPassword" time="0.016" classname="Agoda.SimilarPassword.PasswordTest"/>
  <testcase name="testPassword" time="0.0" classname="Agoda.SimilarPassword.PasswordTest"/>
  <testcase name="testPassword" time="0.008" classname="Agoda.SimilarPassword.PasswordTest">
    <failure type="java.lang.AssertionError" message="expected [true] but found [false]">
      <![CDATA[java.lang.AssertionError: expected [true] but found [false]
at Agoda.SimilarPassword.PasswordTest.testPassword(PasswordTest.java:35)
... Removed 29 stack frames]]>
    </failure>
  </testcase> <!-- testPassword -->
  <testcase name="testPassword" time="0.001" classname="Agoda.SimilarPassword.PasswordTest">
    <failure type="java.lang.AssertionError" message="expected [true] but found [false]">
      <![CDATA[java.lang.AssertionError: expected [true] but found [false]
at Agoda.SimilarPassword.PasswordTest.testPassword(PasswordTest.java:35)
... Removed 29 stack frames]]>
    </failure>
  </testcase> <!-- testPassword -->
  <testcase name="testPassword" time="0.003" classname="Agoda.SimilarPassword.PasswordTest">
    <failure type="java.lang.AssertionError" message="expected [true] but found [false]">
      <![CDATA[java.lang.AssertionError: expected [true] but found [false]
at Agoda.SimilarPassword.PasswordTest.testPassword(PasswordTest.java:35)
... Removed 29 stack frames]]>
    </failure>
  </testcase> <!-- testPassword -->
  <testcase name="testPassword" time="0.002" classname="Agoda.SimilarPassword.PasswordTest"/>
  <testcase name="testPassword" time="0.001" classname="Agoda.SimilarPassword.PasswordTest">
    <failure type="java.lang.AssertionError" message="expected [true] but found [false]">
      <![CDATA[java.lang.AssertionError: expected [true] but found [false]
at Agoda.SimilarPassword.PasswordTest.testPassword(PasswordTest.java:35)
... Removed 29 stack frames]]>
    </failure>
  </testcase> <!-- testPassword -->
  <testcase name="testPassword" time="0.002" classname="Agoda.SimilarPassword.PasswordTest">
    <failure type="java.lang.AssertionError" message="expected [true] but found [false]">
      <![CDATA[java.lang.AssertionError: expected [true] but found [false]
at Agoda.SimilarPassword.PasswordTest.testPassword(PasswordTest.java:35)
... Removed 29 stack frames]]>
    </failure>
  </testcase> <!-- testPassword -->
  <testcase name="testPassword" time="0.0" classname="Agoda.SimilarPassword.PasswordTest">
    <failure type="java.lang.AssertionError" message="expected [true] but found [false]">
      <![CDATA[java.lang.AssertionError: expected [true] but found [false]
at Agoda.SimilarPassword.PasswordTest.testPassword(PasswordTest.java:35)
... Removed 29 stack frames]]>
    </failure>
  </testcase> <!-- testPassword -->
  <testcase name="testPassword" time="0.01" classname="Agoda.SimilarPassword.PasswordTest">
    <failure type="java.lang.AssertionError" message="expected [true] but found [false]">
      <![CDATA[java.lang.AssertionError: expected [true] but found [false]
at Agoda.SimilarPassword.PasswordTest.testPassword(PasswordTest.java:35)
... Removed 29 stack frames]]>
    </failure>
  </testcase> <!-- testPassword -->
  <testcase name="testPassword" time="0.0" classname="Agoda.SimilarPassword.PasswordTest">
    <failure type="java.lang.AssertionError" message="expected [true] but found [false]">
      <![CDATA[java.lang.AssertionError: expected [true] but found [false]
at Agoda.SimilarPassword.PasswordTest.testPassword(PasswordTest.java:35)
... Removed 29 stack frames]]>
    </failure>
  </testcase> <!-- testPassword -->
  <testcase name="testPassword" time="0.009" classname="Agoda.SimilarPassword.PasswordTest">
    <failure type="java.lang.AssertionError" message="expected [true] but found [false]">
      <![CDATA[java.lang.AssertionError: expected [true] but found [false]
at Agoda.SimilarPassword.PasswordTest.testPassword(PasswordTest.java:35)
... Removed 29 stack frames]]>
    </failure>
  </testcase> <!-- testPassword -->
</testsuite> <!-- Test -->
